<?xml version="1.0" encoding="UTF-8"?>
<robot generator="Robot 6.0.2 (Python 3.9.5 on win32)" generated="20231002 13:13:52.718" rpa="false" schemaversion="3">
<suite id="s1" name="Test" source="C:\Users\1809569\PycharmProjects\RobotFramework\amazon\Testcases\test.robot">
<test id="s1-t1" name="check valid login" line="7">
<kw name="Start browser and maximize" library="Resources1">
<kw name="Open Browser" library="SeleniumLibrary">
<arg>${url}</arg>
<arg>${browser}</arg>
<doc>Opens a new browser instance to the optional ``url``.</doc>
<msg timestamp="20231002 13:13:52.925" level="INFO">Opening browser 'Edge' to base url 'https://rahulshettyacademy.com/loginpagePractise/'.</msg>
<status status="PASS" starttime="20231002 13:13:52.925" endtime="20231002 13:14:28.182"/>
</kw>
<kw name="Maximize Browser Window" library="SeleniumLibrary">
<doc>Maximizes current browser window.</doc>
<status status="PASS" starttime="20231002 13:14:28.183" endtime="20231002 13:14:28.316"/>
</kw>
<status status="PASS" starttime="20231002 13:13:52.925" endtime="20231002 13:14:28.317"/>
</kw>
<kw name="Set Selenium Speed" library="SeleniumLibrary">
<arg>1seconds</arg>
<doc>Sets the delay that is waited after each Selenium command.</doc>
<status status="PASS" starttime="20231002 13:14:28.317" endtime="20231002 13:14:28.318"/>
</kw>
<kw name="Open Context Menu" library="SeleniumLibrary">
<arg>xpath://input[@id='username']</arg>
<doc>Opens the context menu on the element identified by ``locator``.</doc>
<status status="PASS" starttime="20231002 13:14:28.319" endtime="20231002 13:14:30.651"/>
</kw>
<kw name="Enter username and password" library="Resources1">
<arg>rahulshettyacademy</arg>
<arg>learning</arg>
<kw name="Input Text" library="SeleniumLibrary">
<arg>xpath://input[@id='username']</arg>
<arg>${username}</arg>
<doc>Types the given ``text`` into the text field identified by ``locator``.</doc>
<msg timestamp="20231002 13:14:30.654" level="INFO">Typing text 'rahulshettyacademy' into text field 'xpath://input[@id='username']'.</msg>
<status status="PASS" starttime="20231002 13:14:30.653" endtime="20231002 13:14:33.795"/>
</kw>
<kw name="Input Text" library="SeleniumLibrary">
<arg>xpath://input[@id='password']</arg>
<arg>${password}</arg>
<doc>Types the given ``text`` into the text field identified by ``locator``.</doc>
<msg timestamp="20231002 13:14:33.796" level="INFO">Typing text 'learning' into text field 'xpath://input[@id='password']'.</msg>
<status status="PASS" starttime="20231002 13:14:33.795" endtime="20231002 13:14:36.940"/>
</kw>
<status status="PASS" starttime="20231002 13:14:30.652" endtime="20231002 13:14:36.941"/>
</kw>
<kw name="Select From List By Index" library="SeleniumLibrary">
<arg>xpath://select[@class='form-control']</arg>
<arg>1</arg>
<doc>Selects options from selection list ``locator`` by ``indexes``.</doc>
<msg timestamp="20231002 13:14:36.947" level="INFO">Selecting options from selection list 'xpath://select[@class='form-control']' by index 1.</msg>
<status status="PASS" starttime="20231002 13:14:36.946" endtime="20231002 13:14:47.235"/>
</kw>
<status status="PASS" starttime="20231002 13:13:52.924" endtime="20231002 13:14:47.237"/>
</test>
<doc>Suite description</doc>
<status status="PASS" starttime="20231002 13:13:52.720" endtime="20231002 13:14:47.239"/>
</suite>
<statistics>
<total>
<stat pass="1" fail="0" skip="0">All Tests</stat>
</total>
<tag>
</tag>
<suite>
<stat pass="1" fail="0" skip="0" id="s1" name="Test">Test</stat>
</suite>
</statistics>
<errors>
</errors>
</robot>
